e:\qt project\musicplayer\build\desktop_x86_windows_msvc2022_pe_64bit-debug\musicplayer.dir\debug\vc143.pdb
e:\qt project\musicplayer\build\desktop_x86_windows_msvc2022_pe_64bit-debug\musicplayer.dir\debug\widget.obj
e:\qt project\musicplayer\build\desktop_x86_windows_msvc2022_pe_64bit-debug\musicplayer.dir\debug\main.obj
e:\qt project\musicplayer\build\desktop_x86_windows_msvc2022_pe_64bit-debug\musicplayer.dir\debug\mocs_compilation_debug.obj
e:\qt project\musicplayer\build\desktop_x86_windows_msvc2022_pe_64bit-debug\musicplayer.dir\debug\musicplayer_autogen\ewiega46ww_debug\qrc_asset.cpp.obj
e:\qt project\musicplayer\build\desktop_x86_windows_msvc2022_pe_64bit-debug\musicplayer_autogen\autouic_debug.stamp
e:\qt project\musicplayer\build\desktop_x86_windows_msvc2022_pe_64bit-debug\musicplayer_autogen\ewiega46ww_debug\qrc_asset.cpp
e:\qt project\musicplayer\build\desktop_x86_windows_msvc2022_pe_64bit-debug\cmakefiles\generate.stamp
e:\qt project\musicplayer\build\desktop_x86_windows_msvc2022_pe_64bit-debug\debug\musicplayer.exe
e:\qt project\musicplayer\build\desktop_x86_windows_msvc2022_pe_64bit-debug\debug\musicplayer.pdb
e:\qt project\musicplayer\build\desktop_x86_windows_msvc2022_pe_64bit-debug\musicplayer.dir\debug\musicplayer.ilk
e:\qt project\musicplayer\build\desktop_x86_windows_msvc2022_pe_64bit-debug\musicplayer.dir\debug\musicplayer.tlog\cl.command.1.tlog
e:\qt project\musicplayer\build\desktop_x86_windows_msvc2022_pe_64bit-debug\musicplayer.dir\debug\musicplayer.tlog\cl.items.tlog
e:\qt project\musicplayer\build\desktop_x86_windows_msvc2022_pe_64bit-debug\musicplayer.dir\debug\musicplayer.tlog\cl.read.1.tlog
e:\qt project\musicplayer\build\desktop_x86_windows_msvc2022_pe_64bit-debug\musicplayer.dir\debug\musicplayer.tlog\cl.write.1.tlog
e:\qt project\musicplayer\build\desktop_x86_windows_msvc2022_pe_64bit-debug\musicplayer.dir\debug\musicplayer.tlog\custombuild.command.1.tlog
e:\qt project\musicplayer\build\desktop_x86_windows_msvc2022_pe_64bit-debug\musicplayer.dir\debug\musicplayer.tlog\custombuild.read.1.tlog
e:\qt project\musicplayer\build\desktop_x86_windows_msvc2022_pe_64bit-debug\musicplayer.dir\debug\musicplayer.tlog\custombuild.write.1.tlog
e:\qt project\musicplayer\build\desktop_x86_windows_msvc2022_pe_64bit-debug\musicplayer.dir\debug\musicplayer.tlog\link.command.1.tlog
e:\qt project\musicplayer\build\desktop_x86_windows_msvc2022_pe_64bit-debug\musicplayer.dir\debug\musicplayer.tlog\link.read.1.tlog
e:\qt project\musicplayer\build\desktop_x86_windows_msvc2022_pe_64bit-debug\musicplayer.dir\debug\musicplayer.tlog\link.secondary.1.tlog
e:\qt project\musicplayer\build\desktop_x86_windows_msvc2022_pe_64bit-debug\musicplayer.dir\debug\musicplayer.tlog\link.write.1.tlog
